have_library: checking for BIO_read() in -lcrypto... -------------------- yes

"gcc -o conftest -I/home/otyua/.rbenv/versions/2.7.1/include/ruby-2.7.0/x86_64-linux -I/home/otyua/.rbenv/versions/2.7.1/include/ruby-2.7.0/ruby/backward -I/home/otyua/.rbenv/versions/2.7.1/include/ruby-2.7.0 -I. -I/home/otyua/.rbenv/versions/2.7.1/include    -O3 -ggdb3 -Wall -Wextra -Wdeprecated-declarations -Wduplicated-cond -Wimplicit-function-declaration -Wimplicit-int -Wmisleading-indentation -Wpointer-arith -Wwrite-strings -Wimplicit-fallthrough=0 -Wmissing-noreturn -Wno-cast-function-type -Wno-constant-logical-operand -Wno-long-long -Wno-missing-field-initializers -Wno-overlength-strings -Wno-packed-bitfield-compat -Wno-parentheses-equality -Wno-self-assign -Wno-tautological-compare -Wno-unused-parameter -Wno-unused-value -Wsuggest-attribute=format -Wsuggest-attribute=noreturn -Wunused-variable  -fPIC conftest.c  -L. -L/home/otyua/.rbenv/versions/2.7.1/lib -Wl,-rpath,/home/otyua/.rbenv/versions/2.7.1/lib -L. -L/home/otyua/.rbenv/versions/2.7.1/lib  -fstack-protector-strong -rdynamic -Wl,-export-dynamic     -Wl,-rpath,/home/otyua/.rbenv/versions/2.7.1/lib -L/home/otyua/.rbenv/versions/2.7.1/lib -lruby  -lm   -lc"
checked program was:
/* begin */
1: #include "ruby.h"
2: 
3: int main(int argc, char **argv)
4: {
5:   return !!argv[argc];
6: }
/* end */

"gcc -o conftest -I/home/otyua/.rbenv/versions/2.7.1/include/ruby-2.7.0/x86_64-linux -I/home/otyua/.rbenv/versions/2.7.1/include/ruby-2.7.0/ruby/backward -I/home/otyua/.rbenv/versions/2.7.1/include/ruby-2.7.0 -I. -I/home/otyua/.rbenv/versions/2.7.1/include    -O3 -ggdb3 -Wall -Wextra -Wdeprecated-declarations -Wduplicated-cond -Wimplicit-function-declaration -Wimplicit-int -Wmisleading-indentation -Wpointer-arith -Wwrite-strings -Wimplicit-fallthrough=0 -Wmissing-noreturn -Wno-cast-function-type -Wno-constant-logical-operand -Wno-long-long -Wno-missing-field-initializers -Wno-overlength-strings -Wno-packed-bitfield-compat -Wno-parentheses-equality -Wno-self-assign -Wno-tautological-compare -Wno-unused-parameter -Wno-unused-value -Wsuggest-attribute=format -Wsuggest-attribute=noreturn -Wunused-variable  -fPIC conftest.c  -L. -L/home/otyua/.rbenv/versions/2.7.1/lib -Wl,-rpath,/home/otyua/.rbenv/versions/2.7.1/lib -L. -L/home/otyua/.rbenv/versions/2.7.1/lib  -fstack-protector-strong -rdynamic -Wl,-export-dynamic     -Wl,-rpath,/home/otyua/.rbenv/versions/2.7.1/lib -L/home/otyua/.rbenv/versions/2.7.1/lib -lruby -lcrypto  -lm   -lc"
conftest.c: In function ‘t’:
conftest.c:14:57: error: ‘BIO_read’ undeclared (first use in this function); did you mean ‘pread’?
 int t(void) { void ((*volatile p)()); p = (void ((*)()))BIO_read; return !p; }
                                                         ^~~~~~~~
                                                         pread
conftest.c:14:57: note: each undeclared identifier is reported only once for each function it appears in
conftest.c: At top level:
cc1: warning: unrecognized command line option ‘-Wno-self-assign’
cc1: warning: unrecognized command line option ‘-Wno-parentheses-equality’
cc1: warning: unrecognized command line option ‘-Wno-constant-logical-operand’
cc1: warning: unrecognized command line option ‘-Wno-cast-function-type’
checked program was:
/* begin */
 1: #include "ruby.h"
 2: 
 3: /*top*/
 4: extern int t(void);
 5: int main(int argc, char **argv)
 6: {
 7:   if (argc > 1000000) {
 8:     int (* volatile tp)(void)=(int (*)(void))&t;
 9:     printf("%d", (*tp)());
10:   }
11: 
12:   return !!argv[argc];
13: }
14: int t(void) { void ((*volatile p)()); p = (void ((*)()))BIO_read; return !p; }
/* end */

"gcc -o conftest -I/home/otyua/.rbenv/versions/2.7.1/include/ruby-2.7.0/x86_64-linux -I/home/otyua/.rbenv/versions/2.7.1/include/ruby-2.7.0/ruby/backward -I/home/otyua/.rbenv/versions/2.7.1/include/ruby-2.7.0 -I. -I/home/otyua/.rbenv/versions/2.7.1/include    -O3 -ggdb3 -Wall -Wextra -Wdeprecated-declarations -Wduplicated-cond -Wimplicit-function-declaration -Wimplicit-int -Wmisleading-indentation -Wpointer-arith -Wwrite-strings -Wimplicit-fallthrough=0 -Wmissing-noreturn -Wno-cast-function-type -Wno-constant-logical-operand -Wno-long-long -Wno-missing-field-initializers -Wno-overlength-strings -Wno-packed-bitfield-compat -Wno-parentheses-equality -Wno-self-assign -Wno-tautological-compare -Wno-unused-parameter -Wno-unused-value -Wsuggest-attribute=format -Wsuggest-attribute=noreturn -Wunused-variable  -fPIC conftest.c  -L. -L/home/otyua/.rbenv/versions/2.7.1/lib -Wl,-rpath,/home/otyua/.rbenv/versions/2.7.1/lib -L. -L/home/otyua/.rbenv/versions/2.7.1/lib  -fstack-protector-strong -rdynamic -Wl,-export-dynamic     -Wl,-rpath,/home/otyua/.rbenv/versions/2.7.1/lib -L/home/otyua/.rbenv/versions/2.7.1/lib -lruby -lcrypto  -lm   -lc"
checked program was:
/* begin */
 1: #include "ruby.h"
 2: 
 3: /*top*/
 4: extern int t(void);
 5: int main(int argc, char **argv)
 6: {
 7:   if (argc > 1000000) {
 8:     int (* volatile tp)(void)=(int (*)(void))&t;
 9:     printf("%d", (*tp)());
10:   }
11: 
12:   return !!argv[argc];
13: }
14: extern void BIO_read();
15: int t(void) { BIO_read(); return 0; }
/* end */

--------------------

have_library: checking for SSL_CTX_new() in -lssl... -------------------- yes

"gcc -o conftest -I/home/otyua/.rbenv/versions/2.7.1/include/ruby-2.7.0/x86_64-linux -I/home/otyua/.rbenv/versions/2.7.1/include/ruby-2.7.0/ruby/backward -I/home/otyua/.rbenv/versions/2.7.1/include/ruby-2.7.0 -I. -I/home/otyua/.rbenv/versions/2.7.1/include    -O3 -ggdb3 -Wall -Wextra -Wdeprecated-declarations -Wduplicated-cond -Wimplicit-function-declaration -Wimplicit-int -Wmisleading-indentation -Wpointer-arith -Wwrite-strings -Wimplicit-fallthrough=0 -Wmissing-noreturn -Wno-cast-function-type -Wno-constant-logical-operand -Wno-long-long -Wno-missing-field-initializers -Wno-overlength-strings -Wno-packed-bitfield-compat -Wno-parentheses-equality -Wno-self-assign -Wno-tautological-compare -Wno-unused-parameter -Wno-unused-value -Wsuggest-attribute=format -Wsuggest-attribute=noreturn -Wunused-variable  -fPIC conftest.c  -L. -L/home/otyua/.rbenv/versions/2.7.1/lib -Wl,-rpath,/home/otyua/.rbenv/versions/2.7.1/lib -L. -L/home/otyua/.rbenv/versions/2.7.1/lib  -fstack-protector-strong -rdynamic -Wl,-export-dynamic    -lcrypto  -Wl,-rpath,/home/otyua/.rbenv/versions/2.7.1/lib -L/home/otyua/.rbenv/versions/2.7.1/lib -lruby -lssl -lcrypto  -lm   -lc"
conftest.c: In function ‘t’:
conftest.c:14:57: error: ‘SSL_CTX_new’ undeclared (first use in this function)
 int t(void) { void ((*volatile p)()); p = (void ((*)()))SSL_CTX_new; return !p; }
                                                         ^~~~~~~~~~~
conftest.c:14:57: note: each undeclared identifier is reported only once for each function it appears in
conftest.c: At top level:
cc1: warning: unrecognized command line option ‘-Wno-self-assign’
cc1: warning: unrecognized command line option ‘-Wno-parentheses-equality’
cc1: warning: unrecognized command line option ‘-Wno-constant-logical-operand’
cc1: warning: unrecognized command line option ‘-Wno-cast-function-type’
checked program was:
/* begin */
 1: #include "ruby.h"
 2: 
 3: /*top*/
 4: extern int t(void);
 5: int main(int argc, char **argv)
 6: {
 7:   if (argc > 1000000) {
 8:     int (* volatile tp)(void)=(int (*)(void))&t;
 9:     printf("%d", (*tp)());
10:   }
11: 
12:   return !!argv[argc];
13: }
14: int t(void) { void ((*volatile p)()); p = (void ((*)()))SSL_CTX_new; return !p; }
/* end */

"gcc -o conftest -I/home/otyua/.rbenv/versions/2.7.1/include/ruby-2.7.0/x86_64-linux -I/home/otyua/.rbenv/versions/2.7.1/include/ruby-2.7.0/ruby/backward -I/home/otyua/.rbenv/versions/2.7.1/include/ruby-2.7.0 -I. -I/home/otyua/.rbenv/versions/2.7.1/include    -O3 -ggdb3 -Wall -Wextra -Wdeprecated-declarations -Wduplicated-cond -Wimplicit-function-declaration -Wimplicit-int -Wmisleading-indentation -Wpointer-arith -Wwrite-strings -Wimplicit-fallthrough=0 -Wmissing-noreturn -Wno-cast-function-type -Wno-constant-logical-operand -Wno-long-long -Wno-missing-field-initializers -Wno-overlength-strings -Wno-packed-bitfield-compat -Wno-parentheses-equality -Wno-self-assign -Wno-tautological-compare -Wno-unused-parameter -Wno-unused-value -Wsuggest-attribute=format -Wsuggest-attribute=noreturn -Wunused-variable  -fPIC conftest.c  -L. -L/home/otyua/.rbenv/versions/2.7.1/lib -Wl,-rpath,/home/otyua/.rbenv/versions/2.7.1/lib -L. -L/home/otyua/.rbenv/versions/2.7.1/lib  -fstack-protector-strong -rdynamic -Wl,-export-dynamic    -lcrypto  -Wl,-rpath,/home/otyua/.rbenv/versions/2.7.1/lib -L/home/otyua/.rbenv/versions/2.7.1/lib -lruby -lssl -lcrypto  -lm   -lc"
checked program was:
/* begin */
 1: #include "ruby.h"
 2: 
 3: /*top*/
 4: extern int t(void);
 5: int main(int argc, char **argv)
 6: {
 7:   if (argc > 1000000) {
 8:     int (* volatile tp)(void)=(int (*)(void))&t;
 9:     printf("%d", (*tp)());
10:   }
11: 
12:   return !!argv[argc];
13: }
14: extern void SSL_CTX_new();
15: int t(void) { SSL_CTX_new(); return 0; }
/* end */

--------------------

have_header: checking for openssl/bio.h... -------------------- yes

"gcc -E -I/home/otyua/.rbenv/versions/2.7.1/include/ruby-2.7.0/x86_64-linux -I/home/otyua/.rbenv/versions/2.7.1/include/ruby-2.7.0/ruby/backward -I/home/otyua/.rbenv/versions/2.7.1/include/ruby-2.7.0 -I. -I/home/otyua/.rbenv/versions/2.7.1/include    -O3 -ggdb3 -Wall -Wextra -Wdeprecated-declarations -Wduplicated-cond -Wimplicit-function-declaration -Wimplicit-int -Wmisleading-indentation -Wpointer-arith -Wwrite-strings -Wimplicit-fallthrough=0 -Wmissing-noreturn -Wno-cast-function-type -Wno-constant-logical-operand -Wno-long-long -Wno-missing-field-initializers -Wno-overlength-strings -Wno-packed-bitfield-compat -Wno-parentheses-equality -Wno-self-assign -Wno-tautological-compare -Wno-unused-parameter -Wno-unused-value -Wsuggest-attribute=format -Wsuggest-attribute=noreturn -Wunused-variable  -fPIC  conftest.c -o conftest.i"
checked program was:
/* begin */
1: #include "ruby.h"
2: 
3: #include <openssl/bio.h>
/* end */

--------------------

have_func: checking for DTLS_method() in openssl/ssl.h... -------------------- yes

"gcc -o conftest -I/home/otyua/.rbenv/versions/2.7.1/include/ruby-2.7.0/x86_64-linux -I/home/otyua/.rbenv/versions/2.7.1/include/ruby-2.7.0/ruby/backward -I/home/otyua/.rbenv/versions/2.7.1/include/ruby-2.7.0 -I. -I/home/otyua/.rbenv/versions/2.7.1/include    -O3 -ggdb3 -Wall -Wextra -Wdeprecated-declarations -Wduplicated-cond -Wimplicit-function-declaration -Wimplicit-int -Wmisleading-indentation -Wpointer-arith -Wwrite-strings -Wimplicit-fallthrough=0 -Wmissing-noreturn -Wno-cast-function-type -Wno-constant-logical-operand -Wno-long-long -Wno-missing-field-initializers -Wno-overlength-strings -Wno-packed-bitfield-compat -Wno-parentheses-equality -Wno-self-assign -Wno-tautological-compare -Wno-unused-parameter -Wno-unused-value -Wsuggest-attribute=format -Wsuggest-attribute=noreturn -Wunused-variable  -fPIC conftest.c  -L. -L/home/otyua/.rbenv/versions/2.7.1/lib -Wl,-rpath,/home/otyua/.rbenv/versions/2.7.1/lib -L. -L/home/otyua/.rbenv/versions/2.7.1/lib  -fstack-protector-strong -rdynamic -Wl,-export-dynamic    -lssl -lcrypto  -Wl,-rpath,/home/otyua/.rbenv/versions/2.7.1/lib -L/home/otyua/.rbenv/versions/2.7.1/lib -lruby -lssl -lcrypto  -lm   -lc"
checked program was:
/* begin */
 1: #include "ruby.h"
 2: 
 3: #include <openssl/ssl.h>
 4: 
 5: /*top*/
 6: extern int t(void);
 7: int main(int argc, char **argv)
 8: {
 9:   if (argc > 1000000) {
10:     int (* volatile tp)(void)=(int (*)(void))&t;
11:     printf("%d", (*tp)());
12:   }
13: 
14:   return !!argv[argc];
15: }
16: int t(void) { void ((*volatile p)()); p = (void ((*)()))DTLS_method; return !p; }
/* end */

--------------------

have_func: checking for TLS_server_method() in openssl/ssl.h... -------------------- no

"gcc -o conftest -I/home/otyua/.rbenv/versions/2.7.1/include/ruby-2.7.0/x86_64-linux -I/home/otyua/.rbenv/versions/2.7.1/include/ruby-2.7.0/ruby/backward -I/home/otyua/.rbenv/versions/2.7.1/include/ruby-2.7.0 -I. -I/home/otyua/.rbenv/versions/2.7.1/include    -O3 -ggdb3 -Wall -Wextra -Wdeprecated-declarations -Wduplicated-cond -Wimplicit-function-declaration -Wimplicit-int -Wmisleading-indentation -Wpointer-arith -Wwrite-strings -Wimplicit-fallthrough=0 -Wmissing-noreturn -Wno-cast-function-type -Wno-constant-logical-operand -Wno-long-long -Wno-missing-field-initializers -Wno-overlength-strings -Wno-packed-bitfield-compat -Wno-parentheses-equality -Wno-self-assign -Wno-tautological-compare -Wno-unused-parameter -Wno-unused-value -Wsuggest-attribute=format -Wsuggest-attribute=noreturn -Wunused-variable  -fPIC conftest.c  -L. -L/home/otyua/.rbenv/versions/2.7.1/lib -Wl,-rpath,/home/otyua/.rbenv/versions/2.7.1/lib -L. -L/home/otyua/.rbenv/versions/2.7.1/lib  -fstack-protector-strong -rdynamic -Wl,-export-dynamic    -lssl -lcrypto  -Wl,-rpath,/home/otyua/.rbenv/versions/2.7.1/lib -L/home/otyua/.rbenv/versions/2.7.1/lib -lruby -lssl -lcrypto  -lm   -lc"
conftest.c: In function ‘t’:
conftest.c:16:57: error: ‘TLS_server_method’ undeclared (first use in this function); did you mean ‘DTLS_server_method’?
 int t(void) { void ((*volatile p)()); p = (void ((*)()))TLS_server_method; return !p; }
                                                         ^~~~~~~~~~~~~~~~~
                                                         DTLS_server_method
conftest.c:16:57: note: each undeclared identifier is reported only once for each function it appears in
conftest.c: At top level:
cc1: warning: unrecognized command line option ‘-Wno-self-assign’
cc1: warning: unrecognized command line option ‘-Wno-parentheses-equality’
cc1: warning: unrecognized command line option ‘-Wno-constant-logical-operand’
cc1: warning: unrecognized command line option ‘-Wno-cast-function-type’
checked program was:
/* begin */
 1: #include "ruby.h"
 2: 
 3: #include <openssl/ssl.h>
 4: 
 5: /*top*/
 6: extern int t(void);
 7: int main(int argc, char **argv)
 8: {
 9:   if (argc > 1000000) {
10:     int (* volatile tp)(void)=(int (*)(void))&t;
11:     printf("%d", (*tp)());
12:   }
13: 
14:   return !!argv[argc];
15: }
16: int t(void) { void ((*volatile p)()); p = (void ((*)()))TLS_server_method; return !p; }
/* end */

"gcc -o conftest -I/home/otyua/.rbenv/versions/2.7.1/include/ruby-2.7.0/x86_64-linux -I/home/otyua/.rbenv/versions/2.7.1/include/ruby-2.7.0/ruby/backward -I/home/otyua/.rbenv/versions/2.7.1/include/ruby-2.7.0 -I. -I/home/otyua/.rbenv/versions/2.7.1/include    -O3 -ggdb3 -Wall -Wextra -Wdeprecated-declarations -Wduplicated-cond -Wimplicit-function-declaration -Wimplicit-int -Wmisleading-indentation -Wpointer-arith -Wwrite-strings -Wimplicit-fallthrough=0 -Wmissing-noreturn -Wno-cast-function-type -Wno-constant-logical-operand -Wno-long-long -Wno-missing-field-initializers -Wno-overlength-strings -Wno-packed-bitfield-compat -Wno-parentheses-equality -Wno-self-assign -Wno-tautological-compare -Wno-unused-parameter -Wno-unused-value -Wsuggest-attribute=format -Wsuggest-attribute=noreturn -Wunused-variable  -fPIC conftest.c  -L. -L/home/otyua/.rbenv/versions/2.7.1/lib -Wl,-rpath,/home/otyua/.rbenv/versions/2.7.1/lib -L. -L/home/otyua/.rbenv/versions/2.7.1/lib  -fstack-protector-strong -rdynamic -Wl,-export-dynamic    -lssl -lcrypto  -Wl,-rpath,/home/otyua/.rbenv/versions/2.7.1/lib -L/home/otyua/.rbenv/versions/2.7.1/lib -lruby -lssl -lcrypto  -lm   -lc"
/tmp/ccP7oJIF.o: In function `t':
/mnt/c/Users/OTYUA/Desktop/sk2020_5K/04.source/ideash/vendor/bundle/ruby/2.7.0/gems/puma-4.3.5/ext/puma_http11/conftest.c:17: undefined reference to `TLS_server_method'
collect2: error: ld returned 1 exit status
checked program was:
/* begin */
 1: #include "ruby.h"
 2: 
 3: #include <openssl/ssl.h>
 4: 
 5: /*top*/
 6: extern int t(void);
 7: int main(int argc, char **argv)
 8: {
 9:   if (argc > 1000000) {
10:     int (* volatile tp)(void)=(int (*)(void))&t;
11:     printf("%d", (*tp)());
12:   }
13: 
14:   return !!argv[argc];
15: }
16: extern void TLS_server_method();
17: int t(void) { TLS_server_method(); return 0; }
/* end */

--------------------

have_macro: checking for SSL_CTX_set_min_proto_version in openssl/ssl.h... -------------------- no

"gcc -I/home/otyua/.rbenv/versions/2.7.1/include/ruby-2.7.0/x86_64-linux -I/home/otyua/.rbenv/versions/2.7.1/include/ruby-2.7.0/ruby/backward -I/home/otyua/.rbenv/versions/2.7.1/include/ruby-2.7.0 -I. -I/home/otyua/.rbenv/versions/2.7.1/include    -O3 -ggdb3 -Wall -Wextra -Wdeprecated-declarations -Wduplicated-cond -Wimplicit-function-declaration -Wimplicit-int -Wmisleading-indentation -Wpointer-arith -Wwrite-strings -Wimplicit-fallthrough=0 -Wmissing-noreturn -Wno-cast-function-type -Wno-constant-logical-operand -Wno-long-long -Wno-missing-field-initializers -Wno-overlength-strings -Wno-packed-bitfield-compat -Wno-parentheses-equality -Wno-self-assign -Wno-tautological-compare -Wno-unused-parameter -Wno-unused-value -Wsuggest-attribute=format -Wsuggest-attribute=noreturn -Wunused-variable  -fPIC   -c conftest.c"
conftest.c:6:3: error: #error 
 # error
   ^~~~~
conftest.c:7:1: error: expected identifier or ‘(’ before ‘|’ token
 |:/ === SSL_CTX_set_min_proto_version undefined === /:|
 ^
cc1: warning: unrecognized command line option ‘-Wno-self-assign’
cc1: warning: unrecognized command line option ‘-Wno-parentheses-equality’
cc1: warning: unrecognized command line option ‘-Wno-constant-logical-operand’
cc1: warning: unrecognized command line option ‘-Wno-cast-function-type’
checked program was:
/* begin */
1: #include "ruby.h"
2: 
3: #include <openssl/ssl.h>
4: /*top*/
5: #ifndef SSL_CTX_set_min_proto_version
6: # error
7: |:/ === SSL_CTX_set_min_proto_version undefined === /:|
8: #endif
/* end */

--------------------

